This is pdfTeX, Version 3.14159265-2.6-1.40.17 (MiKTeX 2.9.6200 64-bit) (preloaded format=pdflatex 2017.1.1)  28 OCT 2017 11:36
entering extended mode
**./analysis_report.tex
(analysis_report.tex
LaTeX2e <2016/03/31> patch level 3
Babel <3.9r> and hyphenation patterns for 76 language(s) loaded.
("C:\Program Files\MiKTeX 2.9\tex\latex\base\article.cls"
Document Class: article 2014/09/29 v1.4h Standard LaTeX document class
("C:\Program Files\MiKTeX 2.9\tex\latex\base\size11.clo"
File: size11.clo 2014/09/29 v1.4h Standard LaTeX file (size option)
)
\c@part=\count79
\c@section=\count80
\c@subsection=\count81
\c@subsubsection=\count82
\c@paragraph=\count83
\c@subparagraph=\count84
\c@figure=\count85
\c@table=\count86
\abovecaptionskip=\skip41
\belowcaptionskip=\skip42
\bibindent=\dimen102
)
("C:\Program Files\MiKTeX 2.9\tex\latex\preprint\fullpage.sty"
Package: fullpage 1999/02/23 1.1 (PWD)
\FP@margin=\skip43
)
("C:\Program Files\MiKTeX 2.9\tex\latex\amsfonts\amsfonts.sty"
Package: amsfonts 2013/01/14 v3.01 Basic AMSFonts support
\@emptytoks=\toks14
\symAMSa=\mathgroup4
\symAMSb=\mathgroup5
LaTeX Font Info:    Overwriting math alphabet `\mathfrak' in version `bold'
(Font)                  U/euf/m/n --> U/euf/b/n on input line 106.
)
("C:\Program Files\MiKTeX 2.9\tex\latex\graphics\graphicx.sty"
Package: graphicx 2014/10/28 v1.0g Enhanced LaTeX Graphics (DPC,SPQR)

("C:\Program Files\MiKTeX 2.9\tex\latex\graphics\keyval.sty"
Package: keyval 2014/10/28 v1.15 key=value parser (DPC)
\KV@toks@=\toks15
)
("C:\Program Files\MiKTeX 2.9\tex\latex\graphics\graphics.sty"
Package: graphics 2016/07/10 v1.0t Standard LaTeX Graphics (DPC,SPQR)

("C:\Program Files\MiKTeX 2.9\tex\latex\graphics\trig.sty"
Package: trig 2016/01/03 v1.10 sin cos tan (DPC)
)
("C:\Program Files\MiKTeX 2.9\tex\latex\graphics-cfg\graphics.cfg"
File: graphics.cfg 2016/06/04 v1.11 sample graphics configuration
)
Package graphics Info: Driver file: pdftex.def on input line 99.

("C:\Program Files\MiKTeX 2.9\tex\latex\graphics-def\pdftex.def"
File: pdftex.def 2016/07/10 v0.06j Graphics/color for pdfTeX

("C:\Program Files\MiKTeX 2.9\tex\generic\oberdiek\infwarerr.sty"
Package: infwarerr 2016/05/16 v1.4 Providing info/warning/error messages (HO)
)
("C:\Program Files\MiKTeX 2.9\tex\generic\oberdiek\ltxcmds.sty"
Package: ltxcmds 2016/05/16 v1.23 LaTeX kernel commands for general use (HO)
)
\Gread@gobject=\count87
))
\Gin@req@height=\dimen103
\Gin@req@width=\dimen104
)
("C:\Program Files\MiKTeX 2.9\tex\latex\adjustbox\adjustbox.sty"
Package: adjustbox 2012/05/21 v1.0 Adjusting TeX boxes (trim, clip, ...)

("C:\Program Files\MiKTeX 2.9\tex\latex\xkeyval\xkeyval.sty"
Package: xkeyval 2014/12/03 v2.7a package option processing (HA)

("C:\Program Files\MiKTeX 2.9\tex\generic\xkeyval\xkeyval.tex"
("C:\Program Files\MiKTeX 2.9\tex\generic\xkeyval\xkvutils.tex"
\XKV@toks=\toks16
\XKV@tempa@toks=\toks17
)
\XKV@depth=\count88
File: xkeyval.tex 2014/12/03 v2.7a key=value parser (HA)
))
("C:\Program Files\MiKTeX 2.9\tex\latex\adjustbox\adjcalc.sty"
Package: adjcalc 2012/05/16 v1.1 Provides advanced setlength with multiple back
-ends (calc, etex, pgfmath)
)
("C:\Program Files\MiKTeX 2.9\tex\latex\adjustbox\trimclip.sty"
Package: trimclip 2012/05/16 v1.0 Trim and clip general TeX material

("C:\Program Files\MiKTeX 2.9\tex\latex\collectbox\collectbox.sty"
Package: collectbox 2012/05/17 v0.4b Collect macro arguments as boxes
\collectedbox=\box26
)
\tc@llx=\dimen105
\tc@lly=\dimen106
\tc@urx=\dimen107
\tc@ury=\dimen108
Package trimclip Info: Using driver 'tc-pdftex.def'.

("C:\Program Files\MiKTeX 2.9\tex\latex\adjustbox\tc-pdftex.def"
File: tc-pdftex.def 2012/05/13 v1.0 Clipping driver for pdftex
))
\adjbox@Width=\dimen109
\adjbox@Height=\dimen110
\adjbox@Depth=\dimen111
\adjbox@Totalheight=\dimen112

("C:\Program Files\MiKTeX 2.9\tex\latex\ifoddpage\ifoddpage.sty"
Package: ifoddpage 2016/04/23 v1.1 Conditionals for odd/even page detection
\c@checkoddpage=\count89
)
("C:\Program Files\MiKTeX 2.9\tex\latex\ltxmisc\varwidth.sty"
Package: varwidth 2009/03/30 ver 0.92;  Variable-width minipages
\@vwid@box=\box27
\sift@deathcycles=\count90
\@vwid@loff=\dimen113
\@vwid@roff=\dimen114
))
(analysis_report.aux)
\openout1 = `analysis_report.aux'.

LaTeX Font Info:    Checking defaults for OML/cmm/m/it on input line 8.
LaTeX Font Info:    ... okay on input line 8.
LaTeX Font Info:    Checking defaults for T1/cmr/m/n on input line 8.
LaTeX Font Info:    ... okay on input line 8.
LaTeX Font Info:    Checking defaults for OT1/cmr/m/n on input line 8.
LaTeX Font Info:    ... okay on input line 8.
LaTeX Font Info:    Checking defaults for OMS/cmsy/m/n on input line 8.
LaTeX Font Info:    ... okay on input line 8.
LaTeX Font Info:    Checking defaults for OMX/cmex/m/n on input line 8.
LaTeX Font Info:    ... okay on input line 8.
LaTeX Font Info:    Checking defaults for U/cmr/m/n on input line 8.
LaTeX Font Info:    ... okay on input line 8.

("C:\Program Files\MiKTeX 2.9\tex\context\base\supp-pdf.mkii"
[Loading MPS to PDF converter (version 2006.09.02).]
\scratchcounter=\count91
\scratchdimen=\dimen115
\scratchbox=\box28
\nofMPsegments=\count92
\nofMParguments=\count93
\everyMPshowfont=\toks18
\MPscratchCnt=\count94
\MPscratchDim=\dimen116
\MPnumerator=\count95
\makeMPintoPDFobject=\count96
\everyMPtoPDFconversion=\toks19
) ("C:\Program Files\MiKTeX 2.9\tex\generic\oberdiek\pdftexcmds.sty"
Package: pdftexcmds 2016/05/21 v0.22 Utility functions of pdfTeX for LuaTeX (HO
)

("C:\Program Files\MiKTeX 2.9\tex\generic\oberdiek\ifluatex.sty"
Package: ifluatex 2016/05/16 v1.4 Provides the ifluatex switch (HO)
Package ifluatex Info: LuaTeX not detected.
)
("C:\Program Files\MiKTeX 2.9\tex\generic\oberdiek\ifpdf.sty"
Package: ifpdf 2016/05/14 v3.1 Provides the ifpdf switch
)
Package pdftexcmds Info: LuaTeX not detected.
Package pdftexcmds Info: \pdf@primitive is available.
Package pdftexcmds Info: \pdf@ifprimitive is available.
Package pdftexcmds Info: \pdfdraftmode found.
)
("C:\Program Files\MiKTeX 2.9\tex\latex\oberdiek\epstopdf-base.sty"
Package: epstopdf-base 2016/05/15 v2.6 Base part for package epstopdf

("C:\Program Files\MiKTeX 2.9\tex\latex\oberdiek\grfext.sty"
Package: grfext 2016/05/16 v1.2 Manage graphics extensions (HO)

("C:\Program Files\MiKTeX 2.9\tex\generic\oberdiek\kvdefinekeys.sty"
Package: kvdefinekeys 2016/05/16 v1.4 Define keys (HO)
))
("C:\Program Files\MiKTeX 2.9\tex\latex\oberdiek\kvoptions.sty"
Package: kvoptions 2016/05/16 v3.12 Key value format for package options (HO)

("C:\Program Files\MiKTeX 2.9\tex\generic\oberdiek\kvsetkeys.sty"
Package: kvsetkeys 2016/05/16 v1.17 Key value parser (HO)

("C:\Program Files\MiKTeX 2.9\tex\generic\oberdiek\etexcmds.sty"
Package: etexcmds 2016/05/16 v1.6 Avoid name clashes with e-TeX commands (HO)
Package etexcmds Info: Could not find \expanded.
(etexcmds)             That can mean that you are not using pdfTeX 1.50 or
(etexcmds)             that some package has redefined \expanded.
(etexcmds)             In the latter case, load this package earlier.
)))
Package epstopdf-base Info: Redefining graphics rule for `.eps' on input line 4
38.
Package grfext Info: Graphics extension search list:
(grfext)             [.png,.pdf,.jpg,.mps,.jpeg,.jbig2,.jb2,.PNG,.PDF,.JPG,.JPE
G,.JBIG2,.JB2,.eps]
(grfext)             \AppendGraphicsExtensions on input line 456.
)
LaTeX Font Info:    Try loading font information for U+msa on input line 13.

("C:\Program Files\MiKTeX 2.9\tex\latex\amsfonts\umsa.fd"
File: umsa.fd 2013/01/14 v3.01 AMS symbols A
)
LaTeX Font Info:    Try loading font information for U+msb on input line 13.

("C:\Program Files\MiKTeX 2.9\tex\latex\amsfonts\umsb.fd"
File: umsb.fd 2013/01/14 v3.01 AMS symbols B
)
<referenceframes/aoslo/10003_V003_5_23_11_55_dwt_nostim_gamscaled_bandfilt_reff
rame.jpg, id=1, 610.28pt x 624.3325pt>
File: referenceframes/aoslo/10003_V003_5_23_11_55_dwt_nostim_gamscaled_bandfilt
_refframe.jpg Graphic file (type jpg)

<use referenceframes/aoslo/10003_V003_5_23_11_55_dwt_nostim_gamscaled_bandfilt_
refframe.jpg>
Package pdftex.def Info: referenceframes/aoslo/10003_V003_5_23_11_55_dwt_nostim
_gamscaled_bandfilt_refframe.jpg used on input line 18.
(pdftex.def)             Requested size: 187.89914pt x 192.22641pt.

<eyepositiontraces/aoslo/10003_V003_5_23_11_55.jpg, id=2, 878.28125pt x 658.46p
t>
File: eyepositiontraces/aoslo/10003_V003_5_23_11_55.jpg Graphic file (type jpg)

 <use eyepositiontraces/aoslo/10003_V003_5_23_11_55.jpg>
Package pdftex.def Info: eyepositiontraces/aoslo/10003_V003_5_23_11_55.jpg used
 on input line 19.
(pdftex.def)             Requested size: 281.85587pt x 211.31435pt.

Overfull \hbox (2.43332pt too wide) in paragraph at lines 18--20
[] [] 
 []


Underfull \hbox (badness 10000) in paragraph at lines 18--20

 []


Underfull \hbox (badness 10000) in paragraph at lines 21--77

 []


Underfull \hbox (badness 10000) in paragraph at lines 21--77

 []


Underfull \hbox (badness 10000) in paragraph at lines 21--77

 []


Underfull \hbox (badness 10000) in paragraph at lines 21--77

 []

[1

{C:/ProgramData/MiKTeX/2.9/pdftex/config/pdftex.map} <./referenceframes/aoslo/1
0003_V003_5_23_11_55_dwt_nostim_gamscaled_bandfilt_refframe.jpg> <./eyeposition
traces/aoslo/10003_V003_5_23_11_55.jpg>] [2]
<referenceframes/aoslo/10003_V005_5_23_11_55_dwt_nostim_gamscaled_bandfilt_reff
rame.jpg, id=15, 629.35126pt x 761.84625pt>
File: referenceframes/aoslo/10003_V005_5_23_11_55_dwt_nostim_gamscaled_bandfilt
_refframe.jpg Graphic file (type jpg)

<use referenceframes/aoslo/10003_V005_5_23_11_55_dwt_nostim_gamscaled_bandfilt_
refframe.jpg>
Package pdftex.def Info: referenceframes/aoslo/10003_V005_5_23_11_55_dwt_nostim
_gamscaled_bandfilt_refframe.jpg used on input line 80.
(pdftex.def)             Requested size: 187.89914pt x 227.45128pt.

<eyepositiontraces/aoslo/10003_V005_5_23_11_55.jpg, id=16, 878.28125pt x 658.46
pt>
File: eyepositiontraces/aoslo/10003_V005_5_23_11_55.jpg Graphic file (type jpg)

 <use eyepositiontraces/aoslo/10003_V005_5_23_11_55.jpg>
Package pdftex.def Info: eyepositiontraces/aoslo/10003_V005_5_23_11_55.jpg used
 on input line 81.
(pdftex.def)             Requested size: 281.85587pt x 211.31435pt.

Overfull \hbox (2.43332pt too wide) in paragraph at lines 80--82
[] [] 
 []


Underfull \hbox (badness 10000) in paragraph at lines 80--82

 []


Underfull \hbox (badness 10000) in paragraph at lines 83--140

 []


Underfull \hbox (badness 10000) in paragraph at lines 83--140

 []


Underfull \hbox (badness 10000) in paragraph at lines 83--140

 []


Underfull \hbox (badness 10000) in paragraph at lines 83--140

 []

[3 <./referenceframes/aoslo/10003_V005_5_23_11_55_dwt_nostim_gamscaled_bandfilt
_refframe.jpg> <./eyepositiontraces/aoslo/10003_V005_5_23_11_55.jpg>] [4]
<referenceframes/rodenstock_amblyopes/cal_os150228f_1_dwt_nostim_gamscaled_band
filt_refframe.jpg, id=23, 721.69624pt x 390.45876pt>
File: referenceframes/rodenstock_amblyopes/cal_os150228f_1_dwt_nostim_gamscaled
_bandfilt_refframe.jpg Graphic file (type jpg)

<use referenceframes/rodenstock_amblyopes/cal_os150228f_1_dwt_nostim_gamscaled_
bandfilt_refframe.jpg>
Package pdftex.def Info: referenceframes/rodenstock_amblyopes/cal_os150228f_1_d
wt_nostim_gamscaled_bandfilt_refframe.jpg used on input line 145.
(pdftex.def)             Requested size: 187.89914pt x 101.65987pt.

<eyepositiontraces/rodenstock_amblyopes/cal_os150228f_1.jpg, id=24, 878.28125pt
 x 658.46pt>
File: eyepositiontraces/rodenstock_amblyopes/cal_os150228f_1.jpg Graphic file (
type jpg)
 <use eyepositiontraces/rodenstock_amblyopes/cal_os150228f_1.jpg>
Package pdftex.def Info: eyepositiontraces/rodenstock_amblyopes/cal_os150228f_1
.jpg used on input line 146.
(pdftex.def)             Requested size: 281.85587pt x 211.31435pt.

Overfull \hbox (2.43332pt too wide) in paragraph at lines 145--147
[] [] 
 []


Underfull \hbox (badness 10000) in paragraph at lines 145--147

 []


Underfull \hbox (badness 10000) in paragraph at lines 148--197

 []


Underfull \hbox (badness 10000) in paragraph at lines 148--197

 []


Underfull \hbox (badness 10000) in paragraph at lines 148--197

 []


Underfull \hbox (badness 10000) in paragraph at lines 148--197

 []

[5 <./referenceframes/rodenstock_amblyopes/cal_os150228f_1_dwt_nostim_gamscaled
_bandfilt_refframe.jpg> <./eyepositiontraces/rodenstock_amblyopes/cal_os150228f
_1.jpg>] [6]
<referenceframes/rodenstock_amblyopes/jhs_ae143314f_1_dwt_nostim_gamscaled_band
filt_refframe.jpg, id=31, 940.51375pt x 825.0825pt>
File: referenceframes/rodenstock_amblyopes/jhs_ae143314f_1_dwt_nostim_gamscaled
_bandfilt_refframe.jpg Graphic file (type jpg)

<use referenceframes/rodenstock_amblyopes/jhs_ae143314f_1_dwt_nostim_gamscaled_
bandfilt_refframe.jpg>
Package pdftex.def Info: referenceframes/rodenstock_amblyopes/jhs_ae143314f_1_d
wt_nostim_gamscaled_bandfilt_refframe.jpg used on input line 200.
(pdftex.def)             Requested size: 187.89914pt x 164.83731pt.

<eyepositiontraces/rodenstock_amblyopes/jhs_ae143314f_1.jpg, id=32, 878.28125pt
 x 658.46pt>
File: eyepositiontraces/rodenstock_amblyopes/jhs_ae143314f_1.jpg Graphic file (
type jpg)
 <use eyepositiontraces/rodenstock_amblyopes/jhs_ae143314f_1.jpg>
Package pdftex.def Info: eyepositiontraces/rodenstock_amblyopes/jhs_ae143314f_1
.jpg used on input line 201.
(pdftex.def)             Requested size: 281.85587pt x 211.31435pt.

Overfull \hbox (2.43332pt too wide) in paragraph at lines 200--202
[] [] 
 []


Underfull \hbox (badness 10000) in paragraph at lines 200--202

 []


Underfull \hbox (badness 10000) in paragraph at lines 203--253

 []


Underfull \hbox (badness 10000) in paragraph at lines 203--253

 []


Underfull \hbox (badness 10000) in paragraph at lines 203--253

 []


Underfull \hbox (badness 10000) in paragraph at lines 203--253

 []

[7 <./referenceframes/rodenstock_amblyopes/jhs_ae143314f_1_dwt_nostim_gamscaled
_bandfilt_refframe.jpg> <./eyepositiontraces/rodenstock_amblyopes/jhs_ae143314f
_1.jpg>] [8]
<referenceframes/rodenstock_amblyopes/jil_ae182727f_1_dwt_nostim_gamscaled_band
filt_refframe.jpg, id=40, 680.5425pt x 385.44pt>
File: referenceframes/rodenstock_amblyopes/jil_ae182727f_1_dwt_nostim_gamscaled
_bandfilt_refframe.jpg Graphic file (type jpg)

<use referenceframes/rodenstock_amblyopes/jil_ae182727f_1_dwt_nostim_gamscaled_
bandfilt_refframe.jpg>
Package pdftex.def Info: referenceframes/rodenstock_amblyopes/jil_ae182727f_1_d
wt_nostim_gamscaled_bandfilt_refframe.jpg used on input line 256.
(pdftex.def)             Requested size: 187.89914pt x 106.41684pt.

<eyepositiontraces/rodenstock_amblyopes/jil_ae182727f_1.jpg, id=41, 878.28125pt
 x 658.46pt>
File: eyepositiontraces/rodenstock_amblyopes/jil_ae182727f_1.jpg Graphic file (
type jpg)
 <use eyepositiontraces/rodenstock_amblyopes/jil_ae182727f_1.jpg>
Package pdftex.def Info: eyepositiontraces/rodenstock_amblyopes/jil_ae182727f_1
.jpg used on input line 257.
(pdftex.def)             Requested size: 281.85587pt x 211.31435pt.

Overfull \hbox (2.43332pt too wide) in paragraph at lines 256--258
[] [] 
 []


Underfull \hbox (badness 10000) in paragraph at lines 256--258

 []


Underfull \hbox (badness 10000) in paragraph at lines 259--308

 []


Underfull \hbox (badness 10000) in paragraph at lines 259--308

 []


Underfull \hbox (badness 10000) in paragraph at lines 259--308

 []


Underfull \hbox (badness 10000) in paragraph at lines 259--308

 []

[9 <./referenceframes/rodenstock_amblyopes/jil_ae182727f_1_dwt_nostim_gamscaled
_bandfilt_refframe.jpg> <./eyepositiontraces/rodenstock_amblyopes/jil_ae182727f
_1.jpg>] [10]
<referenceframes/rodenstock_amblyopes/pri_ae165027f_1_dwt_nostim_gamscaled_band
filt_refframe.jpg, id=48, 676.5275pt x 411.5375pt>
File: referenceframes/rodenstock_amblyopes/pri_ae165027f_1_dwt_nostim_gamscaled
_bandfilt_refframe.jpg Graphic file (type jpg)

<use referenceframes/rodenstock_amblyopes/pri_ae165027f_1_dwt_nostim_gamscaled_
bandfilt_refframe.jpg>
Package pdftex.def Info: referenceframes/rodenstock_amblyopes/pri_ae165027f_1_d
wt_nostim_gamscaled_bandfilt_refframe.jpg used on input line 311.
(pdftex.def)             Requested size: 187.89914pt x 114.30034pt.

<eyepositiontraces/rodenstock_amblyopes/pri_ae165027f_1.jpg, id=49, 878.28125pt
 x 658.46pt>
File: eyepositiontraces/rodenstock_amblyopes/pri_ae165027f_1.jpg Graphic file (
type jpg)
 <use eyepositiontraces/rodenstock_amblyopes/pri_ae165027f_1.jpg>
Package pdftex.def Info: eyepositiontraces/rodenstock_amblyopes/pri_ae165027f_1
.jpg used on input line 312.
(pdftex.def)             Requested size: 281.85587pt x 211.31435pt.

Overfull \hbox (2.43332pt too wide) in paragraph at lines 311--313
[] [] 
 []


Underfull \hbox (badness 10000) in paragraph at lines 311--313

 []


Underfull \hbox (badness 10000) in paragraph at lines 314--363

 []


Underfull \hbox (badness 10000) in paragraph at lines 314--363

 []


Underfull \hbox (badness 10000) in paragraph at lines 314--363

 []


Underfull \hbox (badness 10000) in paragraph at lines 314--363

 []

[11 <./referenceframes/rodenstock_amblyopes/pri_ae165027f_1_dwt_nostim_gamscale
d_bandfilt_refframe.jpg> <./eyepositiontraces/rodenstock_amblyopes/pri_ae165027
f_1.jpg>] [12]
<referenceframes/rodenstock_amd/beh150746f_1_dwt_nostim_gamscaled_bandfilt_reff
rame.jpg, id=56, 869.2475pt x 459.7175pt>
File: referenceframes/rodenstock_amd/beh150746f_1_dwt_nostim_gamscaled_bandfilt
_refframe.jpg Graphic file (type jpg)

<use referenceframes/rodenstock_amd/beh150746f_1_dwt_nostim_gamscaled_bandfilt_
refframe.jpg>
Package pdftex.def Info: referenceframes/rodenstock_amd/beh150746f_1_dwt_nostim
_gamscaled_bandfilt_refframe.jpg used on input line 368.
(pdftex.def)             Requested size: 187.89914pt x 99.37045pt.

<eyepositiontraces/rodenstock_amd/beh150746f_1.jpg, id=57, 878.28125pt x 658.46
pt>
File: eyepositiontraces/rodenstock_amd/beh150746f_1.jpg Graphic file (type jpg)

 <use eyepositiontraces/rodenstock_amd/beh150746f_1.jpg>
Package pdftex.def Info: eyepositiontraces/rodenstock_amd/beh150746f_1.jpg used
 on input line 369.
(pdftex.def)             Requested size: 281.85587pt x 211.31435pt.

Overfull \hbox (2.43332pt too wide) in paragraph at lines 368--370
[] [] 
 []


Underfull \hbox (badness 10000) in paragraph at lines 368--370

 []


Underfull \hbox (badness 10000) in paragraph at lines 371--420

 []


Underfull \hbox (badness 10000) in paragraph at lines 371--420

 []


Underfull \hbox (badness 10000) in paragraph at lines 371--420

 []


Underfull \hbox (badness 10000) in paragraph at lines 371--420

 []

[13 <./referenceframes/rodenstock_amd/beh150746f_1_dwt_nostim_gamscaled_bandfil
t_refframe.jpg> <./eyepositiontraces/rodenstock_amd/beh150746f_1.jpg>] [14]
<referenceframes/rodenstock_amd/daj105144f_1_dwt_nostim_gamscaled_bandfilt_reff
rame.jpg, id=65, 828.09375pt x 424.58624pt>
File: referenceframes/rodenstock_amd/daj105144f_1_dwt_nostim_gamscaled_bandfilt
_refframe.jpg Graphic file (type jpg)

<use referenceframes/rodenstock_amd/daj105144f_1_dwt_nostim_gamscaled_bandfilt_
refframe.jpg>
Package pdftex.def Info: referenceframes/rodenstock_amd/daj105144f_1_dwt_nostim
_gamscaled_bandfilt_refframe.jpg used on input line 423.
(pdftex.def)             Requested size: 187.89914pt x 96.3376pt.

<eyepositiontraces/rodenstock_amd/daj105144f_1.jpg, id=66, 878.28125pt x 658.46
pt>
File: eyepositiontraces/rodenstock_amd/daj105144f_1.jpg Graphic file (type jpg)

 <use eyepositiontraces/rodenstock_amd/daj105144f_1.jpg>
Package pdftex.def Info: eyepositiontraces/rodenstock_amd/daj105144f_1.jpg used
 on input line 424.
(pdftex.def)             Requested size: 281.85587pt x 211.31435pt.

Overfull \hbox (2.43332pt too wide) in paragraph at lines 423--425
[] [] 
 []


Underfull \hbox (badness 10000) in paragraph at lines 423--425

 []


Underfull \hbox (badness 10000) in paragraph at lines 426--475

 []


Underfull \hbox (badness 10000) in paragraph at lines 426--475

 []


Underfull \hbox (badness 10000) in paragraph at lines 426--475

 []


Underfull \hbox (badness 10000) in paragraph at lines 426--475

 []

[15 <./referenceframes/rodenstock_amd/daj105144f_1_dwt_nostim_gamscaled_bandfil
t_refframe.jpg> <./eyepositiontraces/rodenstock_amd/daj105144f_1.jpg>] [16]
<referenceframes/rodenstock_amd/daj_os110402f_1_dwt_nostim_gamscaled_bandfilt_r
efframe.jpg, id=73, 759.83875pt x 443.6575pt>
File: referenceframes/rodenstock_amd/daj_os110402f_1_dwt_nostim_gamscaled_bandf
ilt_refframe.jpg Graphic file (type jpg)

<use referenceframes/rodenstock_amd/daj_os110402f_1_dwt_nostim_gamscaled_bandfi
lt_refframe.jpg>
Package pdftex.def Info: referenceframes/rodenstock_amd/daj_os110402f_1_dwt_nos
tim_gamscaled_bandfilt_refframe.jpg used on input line 478.
(pdftex.def)             Requested size: 187.89914pt x 109.70909pt.

<eyepositiontraces/rodenstock_amd/daj_os110402f_1.jpg, id=74, 878.28125pt x 658
.46pt>
File: eyepositiontraces/rodenstock_amd/daj_os110402f_1.jpg Graphic file (type j
pg)
 <use eyepositiontraces/rodenstock_amd/daj_os110402f_1.jpg>
Package pdftex.def Info: eyepositiontraces/rodenstock_amd/daj_os110402f_1.jpg u
sed on input line 479.
(pdftex.def)             Requested size: 281.85587pt x 211.31435pt.

Overfull \hbox (2.43332pt too wide) in paragraph at lines 478--480
[] [] 
 []


Underfull \hbox (badness 10000) in paragraph at lines 478--480

 []


Underfull \hbox (badness 10000) in paragraph at lines 481--530

 []


Underfull \hbox (badness 10000) in paragraph at lines 481--530

 []


Underfull \hbox (badness 10000) in paragraph at lines 481--530

 []


Underfull \hbox (badness 10000) in paragraph at lines 481--530

 []

[17 <./referenceframes/rodenstock_amd/daj_os110402f_1_dwt_nostim_gamscaled_band
filt_refframe.jpg> <./eyepositiontraces/rodenstock_amd/daj_os110402f_1.jpg>]
[18]
<referenceframes/rodenstock_amd/den_od093924f_1_dwt_nostim_gamscaled_bandfilt_r
efframe.jpg, id=81, 705.63625pt x 412.54124pt>
File: referenceframes/rodenstock_amd/den_od093924f_1_dwt_nostim_gamscaled_bandf
ilt_refframe.jpg Graphic file (type jpg)

<use referenceframes/rodenstock_amd/den_od093924f_1_dwt_nostim_gamscaled_bandfi
lt_refframe.jpg>
Package pdftex.def Info: referenceframes/rodenstock_amd/den_od093924f_1_dwt_nos
tim_gamscaled_bandfilt_refframe.jpg used on input line 533.
(pdftex.def)             Requested size: 187.89914pt x 109.85167pt.

<eyepositiontraces/rodenstock_amd/den_od093924f_1.jpg, id=82, 878.28125pt x 658
.46pt>
File: eyepositiontraces/rodenstock_amd/den_od093924f_1.jpg Graphic file (type j
pg)
 <use eyepositiontraces/rodenstock_amd/den_od093924f_1.jpg>
Package pdftex.def Info: eyepositiontraces/rodenstock_amd/den_od093924f_1.jpg u
sed on input line 534.
(pdftex.def)             Requested size: 281.85587pt x 211.31435pt.

Overfull \hbox (2.43332pt too wide) in paragraph at lines 533--535
[] [] 
 []


Underfull \hbox (badness 10000) in paragraph at lines 533--535

 []


Underfull \hbox (badness 10000) in paragraph at lines 536--585

 []


Underfull \hbox (badness 10000) in paragraph at lines 536--585

 []


Underfull \hbox (badness 10000) in paragraph at lines 536--585

 []


Underfull \hbox (badness 10000) in paragraph at lines 536--585

 []

[19 <./referenceframes/rodenstock_amd/den_od093924f_1_dwt_nostim_gamscaled_band
filt_refframe.jpg> <./eyepositiontraces/rodenstock_amd/den_od093924f_1.jpg>]
[20]
<referenceframes/rodenstock_amd/den_os093000f_1_dwt_nostim_gamscaled_bandfilt_r
efframe.jpg, id=90, 709.65125pt x 417.56pt>
File: referenceframes/rodenstock_amd/den_os093000f_1_dwt_nostim_gamscaled_bandf
ilt_refframe.jpg Graphic file (type jpg)

<use referenceframes/rodenstock_amd/den_os093000f_1_dwt_nostim_gamscaled_bandfi
lt_refframe.jpg>
Package pdftex.def Info: referenceframes/rodenstock_amd/den_os093000f_1_dwt_nos
tim_gamscaled_bandfilt_refframe.jpg used on input line 588.
(pdftex.def)             Requested size: 187.89914pt x 110.5573pt.

<eyepositiontraces/rodenstock_amd/den_os093000f_1.jpg, id=91, 878.28125pt x 658
.46pt>
File: eyepositiontraces/rodenstock_amd/den_os093000f_1.jpg Graphic file (type j
pg)
 <use eyepositiontraces/rodenstock_amd/den_os093000f_1.jpg>
Package pdftex.def Info: eyepositiontraces/rodenstock_amd/den_os093000f_1.jpg u
sed on input line 589.
(pdftex.def)             Requested size: 281.85587pt x 211.31435pt.

Overfull \hbox (2.43332pt too wide) in paragraph at lines 588--590
[] [] 
 []


Underfull \hbox (badness 10000) in paragraph at lines 588--590

 []


Underfull \hbox (badness 10000) in paragraph at lines 591--640

 []


Underfull \hbox (badness 10000) in paragraph at lines 591--640

 []


Underfull \hbox (badness 10000) in paragraph at lines 591--640

 []


Underfull \hbox (badness 10000) in paragraph at lines 591--640

 []

[21 <./referenceframes/rodenstock_amd/den_os093000f_1_dwt_nostim_gamscaled_band
filt_refframe.jpg> <./eyepositiontraces/rodenstock_amd/den_os093000f_1.jpg>]
[22]
<referenceframes/rodenstock_amd/lep_od111234f_1_dwt_nostim_gamscaled_bandfilt_r
efframe.jpg, id=98, 683.55376pt x 426.59375pt>
File: referenceframes/rodenstock_amd/lep_od111234f_1_dwt_nostim_gamscaled_bandf
ilt_refframe.jpg Graphic file (type jpg)

<use referenceframes/rodenstock_amd/lep_od111234f_1_dwt_nostim_gamscaled_bandfi
lt_refframe.jpg>
Package pdftex.def Info: referenceframes/rodenstock_amd/lep_od111234f_1_dwt_nos
tim_gamscaled_bandfilt_refframe.jpg used on input line 643.
(pdftex.def)             Requested size: 187.89914pt x 117.26482pt.

<eyepositiontraces/rodenstock_amd/lep_od111234f_1.jpg, id=99, 878.28125pt x 658
.46pt>
File: eyepositiontraces/rodenstock_amd/lep_od111234f_1.jpg Graphic file (type j
pg)
 <use eyepositiontraces/rodenstock_amd/lep_od111234f_1.jpg>
Package pdftex.def Info: eyepositiontraces/rodenstock_amd/lep_od111234f_1.jpg u
sed on input line 644.
(pdftex.def)             Requested size: 281.85587pt x 211.31435pt.

Overfull \hbox (2.43332pt too wide) in paragraph at lines 643--645
[] [] 
 []


Underfull \hbox (badness 10000) in paragraph at lines 643--645

 []


Underfull \hbox (badness 10000) in paragraph at lines 646--695

 []


Underfull \hbox (badness 10000) in paragraph at lines 646--695

 []


Underfull \hbox (badness 10000) in paragraph at lines 646--695

 []


Underfull \hbox (badness 10000) in paragraph at lines 646--695

 []

[23 <./referenceframes/rodenstock_amd/lep_od111234f_1_dwt_nostim_gamscaled_band
filt_refframe.jpg> <./eyepositiontraces/rodenstock_amd/lep_od111234f_1.jpg>]
[24]
<referenceframes/rodenstock_amd/tgf_os101647f_1_dwt_nostim_gamscaled_bandfilt_r
efframe.jpg, id=106, 731.73375pt x 397.485pt>
File: referenceframes/rodenstock_amd/tgf_os101647f_1_dwt_nostim_gamscaled_bandf
ilt_refframe.jpg Graphic file (type jpg)

<use referenceframes/rodenstock_amd/tgf_os101647f_1_dwt_nostim_gamscaled_bandfi
lt_refframe.jpg>
Package pdftex.def Info: referenceframes/rodenstock_amd/tgf_os101647f_1_dwt_nos
tim_gamscaled_bandfilt_refframe.jpg used on input line 698.
(pdftex.def)             Requested size: 187.89914pt x 102.06998pt.

<eyepositiontraces/rodenstock_amd/tgf_os101647f_1.jpg, id=107, 878.28125pt x 65
8.46pt>
File: eyepositiontraces/rodenstock_amd/tgf_os101647f_1.jpg Graphic file (type j
pg)
 <use eyepositiontraces/rodenstock_amd/tgf_os101647f_1.jpg>
Package pdftex.def Info: eyepositiontraces/rodenstock_amd/tgf_os101647f_1.jpg u
sed on input line 699.
(pdftex.def)             Requested size: 281.85587pt x 211.31435pt.

Overfull \hbox (2.43332pt too wide) in paragraph at lines 698--700
[] [] 
 []


Underfull \hbox (badness 10000) in paragraph at lines 698--700

 []


Underfull \hbox (badness 10000) in paragraph at lines 701--750

 []


Underfull \hbox (badness 10000) in paragraph at lines 701--750

 []


Underfull \hbox (badness 10000) in paragraph at lines 701--750

 []


Underfull \hbox (badness 10000) in paragraph at lines 701--750

 []

[25 <./referenceframes/rodenstock_amd/tgf_os101647f_1_dwt_nostim_gamscaled_band
filt_refframe.jpg> <./eyepositiontraces/rodenstock_amd/tgf_os101647f_1.jpg>]
[26]
<referenceframes/rodenstock_normal/CHK095753f_1_dwt_nostim_gamscaled_bandfilt_r
efframe.jpg, id=115, 679.53876pt x 509.905pt>
File: referenceframes/rodenstock_normal/CHK095753f_1_dwt_nostim_gamscaled_bandf
ilt_refframe.jpg Graphic file (type jpg)

<use referenceframes/rodenstock_normal/CHK095753f_1_dwt_nostim_gamscaled_bandfi
lt_refframe.jpg>
Package pdftex.def Info: referenceframes/rodenstock_normal/CHK095753f_1_dwt_nos
tim_gamscaled_bandfilt_refframe.jpg used on input line 755.
(pdftex.def)             Requested size: 187.89914pt x 140.99068pt.

<eyepositiontraces/rodenstock_normal/CHK095753f_1.jpg, id=116, 878.28125pt x 65
8.46pt>
File: eyepositiontraces/rodenstock_normal/CHK095753f_1.jpg Graphic file (type j
pg)
 <use eyepositiontraces/rodenstock_normal/CHK095753f_1.jpg>
Package pdftex.def Info: eyepositiontraces/rodenstock_normal/CHK095753f_1.jpg u
sed on input line 756.
(pdftex.def)             Requested size: 281.85587pt x 211.31435pt.

Overfull \hbox (2.43332pt too wide) in paragraph at lines 755--757
[] [] 
 []


Underfull \hbox (badness 10000) in paragraph at lines 755--757

 []


Underfull \hbox (badness 10000) in paragraph at lines 758--806

 []


Underfull \hbox (badness 10000) in paragraph at lines 758--806

 []


Underfull \hbox (badness 10000) in paragraph at lines 758--806

 []


Underfull \hbox (badness 10000) in paragraph at lines 758--806

 []

[27 <./referenceframes/rodenstock_normal/CHK095753f_1_dwt_nostim_gamscaled_band
filt_refframe.jpg> <./eyepositiontraces/rodenstock_normal/CHK095753f_1.jpg>]
[28]
<referenceframes/rodenstock_normal/jasonC092224f_1_dwt_nostim_gamscaled_bandfil
t_refframe.jpg, id=123, 677.53125pt x 396.48125pt>
File: referenceframes/rodenstock_normal/jasonC092224f_1_dwt_nostim_gamscaled_ba
ndfilt_refframe.jpg Graphic file (type jpg)

<use referenceframes/rodenstock_normal/jasonC092224f_1_dwt_nostim_gamscaled_ban
dfilt_refframe.jpg>
Package pdftex.def Info: referenceframes/rodenstock_normal/jasonC092224f_1_dwt_
nostim_gamscaled_bandfilt_refframe.jpg used on input line 809.
(pdftex.def)             Requested size: 187.89914pt x 109.95526pt.

<eyepositiontraces/rodenstock_normal/jasonC092224f_1.jpg, id=124, 878.28125pt x
 658.46pt>
File: eyepositiontraces/rodenstock_normal/jasonC092224f_1.jpg Graphic file (typ
e jpg)
 <use eyepositiontraces/rodenstock_normal/jasonC092224f_1.jpg>
Package pdftex.def Info: eyepositiontraces/rodenstock_normal/jasonC092224f_1.jp
g used on input line 810.
(pdftex.def)             Requested size: 281.85587pt x 211.31435pt.

Overfull \hbox (2.43332pt too wide) in paragraph at lines 809--811
[] [] 
 []


Underfull \hbox (badness 10000) in paragraph at lines 809--811

 []


Underfull \hbox (badness 10000) in paragraph at lines 812--860

 []


Underfull \hbox (badness 10000) in paragraph at lines 812--860

 []


Underfull \hbox (badness 10000) in paragraph at lines 812--860

 []


Underfull \hbox (badness 10000) in paragraph at lines 812--860

 []

[29 <./referenceframes/rodenstock_normal/jasonC092224f_1_dwt_nostim_gamscaled_b
andfilt_refframe.jpg> <./eyepositiontraces/rodenstock_normal/jasonC092224f_1.jp
g>] [30]
<referenceframes/rodenstock_normal/stephanieP135934f_1_dwt_nostim_gamscaled_ban
dfilt_refframe.jpg, id=131, 730.73pt x 445.665pt>
File: referenceframes/rodenstock_normal/stephanieP135934f_1_dwt_nostim_gamscale
d_bandfilt_refframe.jpg Graphic file (type jpg)

<use referenceframes/rodenstock_normal/stephanieP135934f_1_dwt_nostim_gamscaled
_bandfilt_refframe.jpg>
Package pdftex.def Info: referenceframes/rodenstock_normal/stephanieP135934f_1_
dwt_nostim_gamscaled_bandfilt_refframe.jpg used on input line 863.
(pdftex.def)             Requested size: 187.89914pt x 114.59851pt.

<eyepositiontraces/rodenstock_normal/stephanieP135934f_1.jpg, id=132, 878.28125
pt x 658.46pt>
File: eyepositiontraces/rodenstock_normal/stephanieP135934f_1.jpg Graphic file 
(type jpg)

<use eyepositiontraces/rodenstock_normal/stephanieP135934f_1.jpg>
Package pdftex.def Info: eyepositiontraces/rodenstock_normal/stephanieP135934f_
1.jpg used on input line 864.
(pdftex.def)             Requested size: 281.85587pt x 211.31435pt.

Overfull \hbox (2.43332pt too wide) in paragraph at lines 863--865
[] [] 
 []


Underfull \hbox (badness 10000) in paragraph at lines 863--865

 []


Underfull \hbox (badness 10000) in paragraph at lines 866--914

 []


Underfull \hbox (badness 10000) in paragraph at lines 866--914

 []


Underfull \hbox (badness 10000) in paragraph at lines 866--914

 []


Underfull \hbox (badness 10000) in paragraph at lines 866--914

 []

[31 <./referenceframes/rodenstock_normal/stephanieP135934f_1_dwt_nostim_gamscal
ed_bandfilt_refframe.jpg> <./eyepositiontraces/rodenstock_normal/stephanieP1359
34f_1.jpg>] [32]
<referenceframes/tslo_amd/amd_den_os_10_1_1_45_0_stabfix_10_51_22_181_dwt_nosti
m_gamscaled_bandfilt_refframe.jpg, id=140, 493.845pt x 501.875pt>
File: referenceframes/tslo_amd/amd_den_os_10_1_1_45_0_stabfix_10_51_22_181_dwt_
nostim_gamscaled_bandfilt_refframe.jpg Graphic file (type jpg)

<use referenceframes/tslo_amd/amd_den_os_10_1_1_45_0_stabfix_10_51_22_181_dwt_n
ostim_gamscaled_bandfilt_refframe.jpg>
Package pdftex.def Info: referenceframes/tslo_amd/amd_den_os_10_1_1_45_0_stabfi
x_10_51_22_181_dwt_nostim_gamscaled_bandfilt_refframe.jpg used on input line 91
9.
(pdftex.def)             Requested size: 187.89914pt x 190.95187pt.

<eyepositiontraces/tslo_amd/amd_den_os_10_1_1_45_0_stabfix_10_51_22_181.jpg, id
=141, 878.28125pt x 658.46pt>
File: eyepositiontraces/tslo_amd/amd_den_os_10_1_1_45_0_stabfix_10_51_22_181.jp
g Graphic file (type jpg)

<use eyepositiontraces/tslo_amd/amd_den_os_10_1_1_45_0_stabfix_10_51_22_181.jpg
>
Package pdftex.def Info: eyepositiontraces/tslo_amd/amd_den_os_10_1_1_45_0_stab
fix_10_51_22_181.jpg used on input line 920.
(pdftex.def)             Requested size: 281.85587pt x 211.31435pt.

Overfull \hbox (2.43332pt too wide) in paragraph at lines 919--921
[] [] 
 []


Underfull \hbox (badness 10000) in paragraph at lines 919--921

 []


Underfull \hbox (badness 10000) in paragraph at lines 922--971

 []


Underfull \hbox (badness 10000) in paragraph at lines 922--971

 []


Underfull \hbox (badness 10000) in paragraph at lines 922--971

 []


Underfull \hbox (badness 10000) in paragraph at lines 922--971

 []

[33 <./referenceframes/tslo_amd/amd_den_os_10_1_1_45_0_stabfix_10_51_22_181_dwt
_nostim_gamscaled_bandfilt_refframe.jpg> <./eyepositiontraces/tslo_amd/amd_den_
os_10_1_1_45_0_stabfix_10_51_22_181.jpg>] [34]
<referenceframes/tslo_amd/amd_den_os_10_5_1_45_0_stabfix_10_36_05_428_dwt_nosti
m_gamscaled_bandfilt_refframe.jpg, id=148, 581.17125pt x 552.0625pt>
File: referenceframes/tslo_amd/amd_den_os_10_5_1_45_0_stabfix_10_36_05_428_dwt_
nostim_gamscaled_bandfilt_refframe.jpg Graphic file (type jpg)

<use referenceframes/tslo_amd/amd_den_os_10_5_1_45_0_stabfix_10_36_05_428_dwt_n
ostim_gamscaled_bandfilt_refframe.jpg>
Package pdftex.def Info: referenceframes/tslo_amd/amd_den_os_10_5_1_45_0_stabfi
x_10_36_05_428_dwt_nostim_gamscaled_bandfilt_refframe.jpg used on input line 97
4.
(pdftex.def)             Requested size: 187.89914pt x 178.49156pt.

<eyepositiontraces/tslo_amd/amd_den_os_10_5_1_45_0_stabfix_10_36_05_428.jpg, id
=149, 878.28125pt x 658.46pt>
File: eyepositiontraces/tslo_amd/amd_den_os_10_5_1_45_0_stabfix_10_36_05_428.jp
g Graphic file (type jpg)

<use eyepositiontraces/tslo_amd/amd_den_os_10_5_1_45_0_stabfix_10_36_05_428.jpg
>
Package pdftex.def Info: eyepositiontraces/tslo_amd/amd_den_os_10_5_1_45_0_stab
fix_10_36_05_428.jpg used on input line 975.
(pdftex.def)             Requested size: 281.85587pt x 211.31435pt.

Overfull \hbox (2.43332pt too wide) in paragraph at lines 974--976
[] [] 
 []


Underfull \hbox (badness 10000) in paragraph at lines 974--976

 []


Underfull \hbox (badness 10000) in paragraph at lines 977--1026

 []


Underfull \hbox (badness 10000) in paragraph at lines 977--1026

 []


Underfull \hbox (badness 10000) in paragraph at lines 977--1026

 []


Underfull \hbox (badness 10000) in paragraph at lines 977--1026

 []

[35 <./referenceframes/tslo_amd/amd_den_os_10_5_1_45_0_stabfix_10_36_05_428_dwt
_nostim_gamscaled_bandfilt_refframe.jpg> <./eyepositiontraces/tslo_amd/amd_den_
os_10_5_1_45_0_stabfix_10_36_05_428.jpg>] [36]
<referenceframes/tslo_amd/amd_kah_od_10_1_1_135_0_stabfix_14_31_02_362_dwt_nost
im_gamscaled_bandfilt_refframe.jpg, id=156, 594.22pt x 496.85625pt>
File: referenceframes/tslo_amd/amd_kah_od_10_1_1_135_0_stabfix_14_31_02_362_dwt
_nostim_gamscaled_bandfilt_refframe.jpg Graphic file (type jpg)

<use referenceframes/tslo_amd/amd_kah_od_10_1_1_135_0_stabfix_14_31_02_362_dwt_
nostim_gamscaled_bandfilt_refframe.jpg>
Package pdftex.def Info: referenceframes/tslo_amd/amd_kah_od_10_1_1_135_0_stabf
ix_14_31_02_362_dwt_nostim_gamscaled_bandfilt_refframe.jpg used on input line 1
029.
(pdftex.def)             Requested size: 187.89914pt x 157.10947pt.

<eyepositiontraces/tslo_amd/amd_kah_od_10_1_1_135_0_stabfix_14_31_02_362.jpg, i
d=157, 878.28125pt x 658.46pt>
File: eyepositiontraces/tslo_amd/amd_kah_od_10_1_1_135_0_stabfix_14_31_02_362.j
pg Graphic file (type jpg)

<use eyepositiontraces/tslo_amd/amd_kah_od_10_1_1_135_0_stabfix_14_31_02_362.jp
g>
Package pdftex.def Info: eyepositiontraces/tslo_amd/amd_kah_od_10_1_1_135_0_sta
bfix_14_31_02_362.jpg used on input line 1030.
(pdftex.def)             Requested size: 281.85587pt x 211.31435pt.

Overfull \hbox (2.43332pt too wide) in paragraph at lines 1029--1031
[] [] 
 []


Underfull \hbox (badness 10000) in paragraph at lines 1029--1031

 []


Underfull \hbox (badness 10000) in paragraph at lines 1032--1081

 []


Underfull \hbox (badness 10000) in paragraph at lines 1032--1081

 []


Underfull \hbox (badness 10000) in paragraph at lines 1032--1081

 []


Underfull \hbox (badness 10000) in paragraph at lines 1032--1081

 []

[37 <./referenceframes/tslo_amd/amd_kah_od_10_1_1_135_0_stabfix_14_31_02_362_dw
t_nostim_gamscaled_bandfilt_refframe.jpg> <./eyepositiontraces/tslo_amd/amd_kah
_od_10_1_1_135_0_stabfix_14_31_02_362.jpg>] [38]
<referenceframes/tslo_amd/amd_kah_od_10_1_1_45_0_stabfix_14_31_02_138_dwt_nosti
m_gamscaled_bandfilt_refframe.jpg, id=165, 571.13374pt x 610.28pt>
File: referenceframes/tslo_amd/amd_kah_od_10_1_1_45_0_stabfix_14_31_02_138_dwt_
nostim_gamscaled_bandfilt_refframe.jpg Graphic file (type jpg)

<use referenceframes/tslo_amd/amd_kah_od_10_1_1_45_0_stabfix_14_31_02_138_dwt_n
ostim_gamscaled_bandfilt_refframe.jpg>
Package pdftex.def Info: referenceframes/tslo_amd/amd_kah_od_10_1_1_45_0_stabfi
x_14_31_02_138_dwt_nostim_gamscaled_bandfilt_refframe.jpg used on input line 10
84.
(pdftex.def)             Requested size: 187.89914pt x 200.77841pt.

<eyepositiontraces/tslo_amd/amd_kah_od_10_1_1_45_0_stabfix_14_31_02_138.jpg, id
=166, 878.28125pt x 658.46pt>
File: eyepositiontraces/tslo_amd/amd_kah_od_10_1_1_45_0_stabfix_14_31_02_138.jp
g Graphic file (type jpg)

<use eyepositiontraces/tslo_amd/amd_kah_od_10_1_1_45_0_stabfix_14_31_02_138.jpg
>
Package pdftex.def Info: eyepositiontraces/tslo_amd/amd_kah_od_10_1_1_45_0_stab
fix_14_31_02_138.jpg used on input line 1085.
(pdftex.def)             Requested size: 281.85587pt x 211.31435pt.

Overfull \hbox (2.43332pt too wide) in paragraph at lines 1084--1086
[] [] 
 []


Underfull \hbox (badness 10000) in paragraph at lines 1084--1086

 []


Underfull \hbox (badness 10000) in paragraph at lines 1087--1139

 []


Underfull \hbox (badness 10000) in paragraph at lines 1087--1139

 []


Underfull \hbox (badness 10000) in paragraph at lines 1087--1139

 []


Underfull \hbox (badness 10000) in paragraph at lines 1087--1139

 []

[39 <./referenceframes/tslo_amd/amd_kah_od_10_1_1_45_0_stabfix_14_31_02_138_dwt
_nostim_gamscaled_bandfilt_refframe.jpg> <./eyepositiontraces/tslo_amd/amd_kah_
od_10_1_1_45_0_stabfix_14_31_02_138.jpg>] [40]
<referenceframes/tslo_amd/amd_tgf_os_10_3_1_135_0_stabfix_11_03_42_849_dwt_nost
im_gamscaled_bandfilt_refframe.jpg, id=173, 514.92375pt x 570.13pt>
File: referenceframes/tslo_amd/amd_tgf_os_10_3_1_135_0_stabfix_11_03_42_849_dwt
_nostim_gamscaled_bandfilt_refframe.jpg Graphic file (type jpg)

<use referenceframes/tslo_amd/amd_tgf_os_10_3_1_135_0_stabfix_11_03_42_849_dwt_
nostim_gamscaled_bandfilt_refframe.jpg>
Package pdftex.def Info: referenceframes/tslo_amd/amd_tgf_os_10_3_1_135_0_stabf
ix_11_03_42_849_dwt_nostim_gamscaled_bandfilt_refframe.jpg used on input line 1
142.
(pdftex.def)             Requested size: 187.89914pt x 208.03917pt.

<eyepositiontraces/tslo_amd/amd_tgf_os_10_3_1_135_0_stabfix_11_03_42_849.jpg, i
d=174, 878.28125pt x 658.46pt>
File: eyepositiontraces/tslo_amd/amd_tgf_os_10_3_1_135_0_stabfix_11_03_42_849.j
pg Graphic file (type jpg)

<use eyepositiontraces/tslo_amd/amd_tgf_os_10_3_1_135_0_stabfix_11_03_42_849.jp
g>
Package pdftex.def Info: eyepositiontraces/tslo_amd/amd_tgf_os_10_3_1_135_0_sta
bfix_11_03_42_849.jpg used on input line 1143.
(pdftex.def)             Requested size: 281.85587pt x 211.31435pt.

Overfull \hbox (2.43332pt too wide) in paragraph at lines 1142--1144
[] [] 
 []


Underfull \hbox (badness 10000) in paragraph at lines 1142--1144

 []


Underfull \hbox (badness 10000) in paragraph at lines 1145--1194

 []


Underfull \hbox (badness 10000) in paragraph at lines 1145--1194

 []


Underfull \hbox (badness 10000) in paragraph at lines 1145--1194

 []


Underfull \hbox (badness 10000) in paragraph at lines 1145--1194

 []

[41 <./referenceframes/tslo_amd/amd_tgf_os_10_3_1_135_0_stabfix_11_03_42_849_dw
t_nostim_gamscaled_bandfilt_refframe.jpg> <./eyepositiontraces/tslo_amd/amd_tgf
_os_10_3_1_135_0_stabfix_11_03_42_849.jpg>] [42]
<referenceframes/tslo_amd/amd_tgf_os_10_3_1_45_0_stabfix_11_34_57_205_dwt_nosti
m_gamscaled_bandfilt_refframe.jpg, id=181, 509.905pt x 518.93875pt>
File: referenceframes/tslo_amd/amd_tgf_os_10_3_1_45_0_stabfix_11_34_57_205_dwt_
nostim_gamscaled_bandfilt_refframe.jpg Graphic file (type jpg)

<use referenceframes/tslo_amd/amd_tgf_os_10_3_1_45_0_stabfix_11_34_57_205_dwt_n
ostim_gamscaled_bandfilt_refframe.jpg>
Package pdftex.def Info: referenceframes/tslo_amd/amd_tgf_os_10_3_1_45_0_stabfi
x_11_34_57_205_dwt_nostim_gamscaled_bandfilt_refframe.jpg used on input line 11
97.
(pdftex.def)             Requested size: 187.89914pt x 191.22833pt.

<eyepositiontraces/tslo_amd/amd_tgf_os_10_3_1_45_0_stabfix_11_34_57_205.jpg, id
=182, 878.28125pt x 658.46pt>
File: eyepositiontraces/tslo_amd/amd_tgf_os_10_3_1_45_0_stabfix_11_34_57_205.jp
g Graphic file (type jpg)

<use eyepositiontraces/tslo_amd/amd_tgf_os_10_3_1_45_0_stabfix_11_34_57_205.jpg
>
Package pdftex.def Info: eyepositiontraces/tslo_amd/amd_tgf_os_10_3_1_45_0_stab
fix_11_34_57_205.jpg used on input line 1198.
(pdftex.def)             Requested size: 281.85587pt x 211.31435pt.

Overfull \hbox (2.43332pt too wide) in paragraph at lines 1197--1199
[] [] 
 []


Underfull \hbox (badness 10000) in paragraph at lines 1197--1199

 []


Underfull \hbox (badness 10000) in paragraph at lines 1200--1249

 []


Underfull \hbox (badness 10000) in paragraph at lines 1200--1249

 []


Underfull \hbox (badness 10000) in paragraph at lines 1200--1249

 []


Underfull \hbox (badness 10000) in paragraph at lines 1200--1249

 []

[43 <./referenceframes/tslo_amd/amd_tgf_os_10_3_1_45_0_stabfix_11_34_57_205_dwt
_nostim_gamscaled_bandfilt_refframe.jpg> <./eyepositiontraces/tslo_amd/amd_tgf_
os_10_3_1_45_0_stabfix_11_34_57_205.jpg>] [44]
<referenceframes/tslo_normal/normal_dew_os_10_12_1_135_0_stabfix_14_13_43_822_d
wt_nostim_gamscaled_bandfilt_refframe.jpg, id=190, 495.8525pt x 506.89375pt>
File: referenceframes/tslo_normal/normal_dew_os_10_12_1_135_0_stabfix_14_13_43_
822_dwt_nostim_gamscaled_bandfilt_refframe.jpg Graphic file (type jpg)

<use referenceframes/tslo_normal/normal_dew_os_10_12_1_135_0_stabfix_14_13_43_8
22_dwt_nostim_gamscaled_bandfilt_refframe.jpg>
Package pdftex.def Info: referenceframes/tslo_normal/normal_dew_os_10_12_1_135_
0_stabfix_14_13_43_822_dwt_nostim_gamscaled_bandfilt_refframe.jpg used on input
 line 1254.
(pdftex.def)             Requested size: 187.89914pt x 192.0802pt.

<eyepositiontraces/tslo_normal/normal_dew_os_10_12_1_135_0_stabfix_14_13_43_822
.jpg, id=191, 878.28125pt x 658.46pt>
File: eyepositiontraces/tslo_normal/normal_dew_os_10_12_1_135_0_stabfix_14_13_4
3_822.jpg Graphic file (type jpg)

<use eyepositiontraces/tslo_normal/normal_dew_os_10_12_1_135_0_stabfix_14_13_43
_822.jpg>
Package pdftex.def Info: eyepositiontraces/tslo_normal/normal_dew_os_10_12_1_13
5_0_stabfix_14_13_43_822.jpg used on input line 1255.
(pdftex.def)             Requested size: 281.85587pt x 211.31435pt.

Overfull \hbox (2.43332pt too wide) in paragraph at lines 1254--1256
[] [] 
 []


Underfull \hbox (badness 10000) in paragraph at lines 1254--1256

 []


Underfull \hbox (badness 10000) in paragraph at lines 1257--1305

 []


Underfull \hbox (badness 10000) in paragraph at lines 1257--1305

 []


Underfull \hbox (badness 10000) in paragraph at lines 1257--1305

 []


Underfull \hbox (badness 10000) in paragraph at lines 1257--1305

 []

[45 <./referenceframes/tslo_normal/normal_dew_os_10_12_1_135_0_stabfix_14_13_43
_822_dwt_nostim_gamscaled_bandfilt_refframe.jpg> <./eyepositiontraces/tslo_norm
al/normal_dew_os_10_12_1_135_0_stabfix_14_13_43_822.jpg>] [46]
<referenceframes/tslo_normal/normal_dew_os_10_12_1_45_1_stabfix_10_18_41_907_dw
t_nostim_gamscaled_bandfilt_refframe.jpg, id=198, 491.8375pt x 518.93875pt>
File: referenceframes/tslo_normal/normal_dew_os_10_12_1_45_1_stabfix_10_18_41_9
07_dwt_nostim_gamscaled_bandfilt_refframe.jpg Graphic file (type jpg)

<use referenceframes/tslo_normal/normal_dew_os_10_12_1_45_1_stabfix_10_18_41_90
7_dwt_nostim_gamscaled_bandfilt_refframe.jpg>
Package pdftex.def Info: referenceframes/tslo_normal/normal_dew_os_10_12_1_45_1
_stabfix_10_18_41_907_dwt_nostim_gamscaled_bandfilt_refframe.jpg used on input 
line 1308.
(pdftex.def)             Requested size: 187.89914pt x 198.2519pt.

<eyepositiontraces/tslo_normal/normal_dew_os_10_12_1_45_1_stabfix_10_18_41_907.
jpg, id=199, 878.28125pt x 658.46pt>
File: eyepositiontraces/tslo_normal/normal_dew_os_10_12_1_45_1_stabfix_10_18_41
_907.jpg Graphic file (type jpg)

<use eyepositiontraces/tslo_normal/normal_dew_os_10_12_1_45_1_stabfix_10_18_41_
907.jpg>
Package pdftex.def Info: eyepositiontraces/tslo_normal/normal_dew_os_10_12_1_45
_1_stabfix_10_18_41_907.jpg used on input line 1309.
(pdftex.def)             Requested size: 281.85587pt x 211.31435pt.

Overfull \hbox (2.43332pt too wide) in paragraph at lines 1308--1310
[] [] 
 []


Underfull \hbox (badness 10000) in paragraph at lines 1308--1310

 []


Underfull \hbox (badness 10000) in paragraph at lines 1311--1359

 []


Underfull \hbox (badness 10000) in paragraph at lines 1311--1359

 []


Underfull \hbox (badness 10000) in paragraph at lines 1311--1359

 []


Underfull \hbox (badness 10000) in paragraph at lines 1311--1359

 []

[47 <./referenceframes/tslo_normal/normal_dew_os_10_12_1_45_1_stabfix_10_18_41_
907_dwt_nostim_gamscaled_bandfilt_refframe.jpg> <./eyepositiontraces/tslo_norma
l/normal_dew_os_10_12_1_45_1_stabfix_10_18_41_907.jpg>] [48]
<referenceframes/tslo_normal/normal_jap_os_10_12_1_45_0_stabfix_11_58_10_611_dw
t_nostim_gamscaled_bandfilt_refframe.jpg, id=206, 490.83376pt x 501.875pt>
File: referenceframes/tslo_normal/normal_jap_os_10_12_1_45_0_stabfix_11_58_10_6
11_dwt_nostim_gamscaled_bandfilt_refframe.jpg Graphic file (type jpg)

<use referenceframes/tslo_normal/normal_jap_os_10_12_1_45_0_stabfix_11_58_10_61
1_dwt_nostim_gamscaled_bandfilt_refframe.jpg>
Package pdftex.def Info: referenceframes/tslo_normal/normal_jap_os_10_12_1_45_0
_stabfix_11_58_10_611_dwt_nostim_gamscaled_bandfilt_refframe.jpg used on input 
line 1362.
(pdftex.def)             Requested size: 187.89914pt x 192.12354pt.

<eyepositiontraces/tslo_normal/normal_jap_os_10_12_1_45_0_stabfix_11_58_10_611.
jpg, id=207, 878.28125pt x 658.46pt>
File: eyepositiontraces/tslo_normal/normal_jap_os_10_12_1_45_0_stabfix_11_58_10
_611.jpg Graphic file (type jpg)

<use eyepositiontraces/tslo_normal/normal_jap_os_10_12_1_45_0_stabfix_11_58_10_
611.jpg>
Package pdftex.def Info: eyepositiontraces/tslo_normal/normal_jap_os_10_12_1_45
_0_stabfix_11_58_10_611.jpg used on input line 1363.
(pdftex.def)             Requested size: 281.85587pt x 211.31435pt.

Overfull \hbox (2.43332pt too wide) in paragraph at lines 1362--1364
[] [] 
 []


Underfull \hbox (badness 10000) in paragraph at lines 1362--1364

 []


Underfull \hbox (badness 10000) in paragraph at lines 1365--1413

 []


Underfull \hbox (badness 10000) in paragraph at lines 1365--1413

 []


Underfull \hbox (badness 10000) in paragraph at lines 1365--1413

 []


Underfull \hbox (badness 10000) in paragraph at lines 1365--1413

 []

[49 <./referenceframes/tslo_normal/normal_jap_os_10_12_1_45_0_stabfix_11_58_10_
611_dwt_nostim_gamscaled_bandfilt_refframe.jpg> <./eyepositiontraces/tslo_norma
l/normal_jap_os_10_12_1_45_0_stabfix_11_58_10_611.jpg>] [50]
<referenceframes/tslo_normal/normal_jap_os_10_12_1_45_1_stabfix_11_51_49_212_dw
t_nostim_gamscaled_bandfilt_refframe.jpg, id=215, 494.84875pt x 518.93875pt>
File: referenceframes/tslo_normal/normal_jap_os_10_12_1_45_1_stabfix_11_51_49_2
12_dwt_nostim_gamscaled_bandfilt_refframe.jpg Graphic file (type jpg)

<use referenceframes/tslo_normal/normal_jap_os_10_12_1_45_1_stabfix_11_51_49_21
2_dwt_nostim_gamscaled_bandfilt_refframe.jpg>
Package pdftex.def Info: referenceframes/tslo_normal/normal_jap_os_10_12_1_45_1
_stabfix_11_51_49_212_dwt_nostim_gamscaled_bandfilt_refframe.jpg used on input 
line 1416.
(pdftex.def)             Requested size: 187.89914pt x 197.0404pt.

<eyepositiontraces/tslo_normal/normal_jap_os_10_12_1_45_1_stabfix_11_51_49_212.
jpg, id=216, 878.28125pt x 658.46pt>
File: eyepositiontraces/tslo_normal/normal_jap_os_10_12_1_45_1_stabfix_11_51_49
_212.jpg Graphic file (type jpg)

<use eyepositiontraces/tslo_normal/normal_jap_os_10_12_1_45_1_stabfix_11_51_49_
212.jpg>
Package pdftex.def Info: eyepositiontraces/tslo_normal/normal_jap_os_10_12_1_45
_1_stabfix_11_51_49_212.jpg used on input line 1417.
(pdftex.def)             Requested size: 281.85587pt x 211.31435pt.

Overfull \hbox (2.43332pt too wide) in paragraph at lines 1416--1418
[] [] 
 []


Underfull \hbox (badness 10000) in paragraph at lines 1416--1418

 []


Underfull \hbox (badness 10000) in paragraph at lines 1419--1467

 []


Underfull \hbox (badness 10000) in paragraph at lines 1419--1467

 []


Underfull \hbox (badness 10000) in paragraph at lines 1419--1467

 []


Underfull \hbox (badness 10000) in paragraph at lines 1419--1467

 []

[51 <./referenceframes/tslo_normal/normal_jap_os_10_12_1_45_1_stabfix_11_51_49_
212_dwt_nostim_gamscaled_bandfilt_refframe.jpg> <./eyepositiontraces/tslo_norma
l/normal_jap_os_10_12_1_45_1_stabfix_11_51_49_212.jpg>] [52]
<referenceframes/tslo_normal/normal_mna_os_10_12_1_45_0_stabfix_17_36_21_53_dwt
_nostim_gamscaled_bandfilt_refframe.jpg, id=223, 490.83376pt x 497.86pt>
File: referenceframes/tslo_normal/normal_mna_os_10_12_1_45_0_stabfix_17_36_21_5
3_dwt_nostim_gamscaled_bandfilt_refframe.jpg Graphic file (type jpg)

<use referenceframes/tslo_normal/normal_mna_os_10_12_1_45_0_stabfix_17_36_21_53
_dwt_nostim_gamscaled_bandfilt_refframe.jpg>
Package pdftex.def Info: referenceframes/tslo_normal/normal_mna_os_10_12_1_45_0
_stabfix_17_36_21_53_dwt_nostim_gamscaled_bandfilt_refframe.jpg used on input l
ine 1470.
(pdftex.def)             Requested size: 187.89914pt x 190.58656pt.

<eyepositiontraces/tslo_normal/normal_mna_os_10_12_1_45_0_stabfix_17_36_21_53.j
pg, id=224, 878.28125pt x 658.46pt>
File: eyepositiontraces/tslo_normal/normal_mna_os_10_12_1_45_0_stabfix_17_36_21
_53.jpg Graphic file (type jpg)

<use eyepositiontraces/tslo_normal/normal_mna_os_10_12_1_45_0_stabfix_17_36_21_
53.jpg>
Package pdftex.def Info: eyepositiontraces/tslo_normal/normal_mna_os_10_12_1_45
_0_stabfix_17_36_21_53.jpg used on input line 1471.
(pdftex.def)             Requested size: 281.85587pt x 211.31435pt.

Overfull \hbox (2.43332pt too wide) in paragraph at lines 1470--1472
[] [] 
 []


Underfull \hbox (badness 10000) in paragraph at lines 1470--1472

 []


Underfull \hbox (badness 10000) in paragraph at lines 1473--1521

 []


Underfull \hbox (badness 10000) in paragraph at lines 1473--1521

 []


Underfull \hbox (badness 10000) in paragraph at lines 1473--1521

 []


Underfull \hbox (badness 10000) in paragraph at lines 1473--1521

 []

[53 <./referenceframes/tslo_normal/normal_mna_os_10_12_1_45_0_stabfix_17_36_21_
53_dwt_nostim_gamscaled_bandfilt_refframe.jpg> <./eyepositiontraces/tslo_normal
/normal_mna_os_10_12_1_45_0_stabfix_17_36_21_53.jpg>] [54]
<referenceframes/tslo_normal/normal_mna_os_10_12_1_45_1_stabfix_17_37_42_610_dw
t_nostim_gamscaled_bandfilt_refframe.jpg, id=231, 495.8525pt x 531.9875pt>
File: referenceframes/tslo_normal/normal_mna_os_10_12_1_45_1_stabfix_17_37_42_6
10_dwt_nostim_gamscaled_bandfilt_refframe.jpg Graphic file (type jpg)

<use referenceframes/tslo_normal/normal_mna_os_10_12_1_45_1_stabfix_17_37_42_61
0_dwt_nostim_gamscaled_bandfilt_refframe.jpg>
Package pdftex.def Info: referenceframes/tslo_normal/normal_mna_os_10_12_1_45_1
_stabfix_17_37_42_610_dwt_nostim_gamscaled_bandfilt_refframe.jpg used on input 
line 1524.
(pdftex.def)             Requested size: 187.89914pt x 201.58913pt.

<eyepositiontraces/tslo_normal/normal_mna_os_10_12_1_45_1_stabfix_17_37_42_610.
jpg, id=232, 878.28125pt x 658.46pt>
File: eyepositiontraces/tslo_normal/normal_mna_os_10_12_1_45_1_stabfix_17_37_42
_610.jpg Graphic file (type jpg)

<use eyepositiontraces/tslo_normal/normal_mna_os_10_12_1_45_1_stabfix_17_37_42_
610.jpg>
Package pdftex.def Info: eyepositiontraces/tslo_normal/normal_mna_os_10_12_1_45
_1_stabfix_17_37_42_610.jpg used on input line 1525.
(pdftex.def)             Requested size: 281.85587pt x 211.31435pt.

Overfull \hbox (2.43332pt too wide) in paragraph at lines 1524--1526
[] [] 
 []


Underfull \hbox (badness 10000) in paragraph at lines 1524--1526

 []


Underfull \hbox (badness 10000) in paragraph at lines 1527--1575

 []


Underfull \hbox (badness 10000) in paragraph at lines 1527--1575

 []


Underfull \hbox (badness 10000) in paragraph at lines 1527--1575

 []


Underfull \hbox (badness 10000) in paragraph at lines 1527--1575

 []

[55 <./referenceframes/tslo_normal/normal_mna_os_10_12_1_45_1_stabfix_17_37_42_
610_dwt_nostim_gamscaled_bandfilt_refframe.jpg> <./eyepositiontraces/tslo_norma
l/normal_mna_os_10_12_1_45_1_stabfix_17_37_42_610.jpg>] [56]
<referenceframes/tslo_normal/normal_tyf_os_10_12_1_45_0_stabfix_11_19_25_919_dw
t_nostim_gamscaled_bandfilt_refframe.jpg, id=240, 499.8675pt x 492.84125pt>
File: referenceframes/tslo_normal/normal_tyf_os_10_12_1_45_0_stabfix_11_19_25_9
19_dwt_nostim_gamscaled_bandfilt_refframe.jpg Graphic file (type jpg)

<use referenceframes/tslo_normal/normal_tyf_os_10_12_1_45_0_stabfix_11_19_25_91
9_dwt_nostim_gamscaled_bandfilt_refframe.jpg>
Package pdftex.def Info: referenceframes/tslo_normal/normal_tyf_os_10_12_1_45_0
_stabfix_11_19_25_919_dwt_nostim_gamscaled_bandfilt_refframe.jpg used on input 
line 1578.
(pdftex.def)             Requested size: 187.89914pt x 185.2587pt.

<eyepositiontraces/tslo_normal/normal_tyf_os_10_12_1_45_0_stabfix_11_19_25_919.
jpg, id=241, 878.28125pt x 658.46pt>
File: eyepositiontraces/tslo_normal/normal_tyf_os_10_12_1_45_0_stabfix_11_19_25
_919.jpg Graphic file (type jpg)

<use eyepositiontraces/tslo_normal/normal_tyf_os_10_12_1_45_0_stabfix_11_19_25_
919.jpg>
Package pdftex.def Info: eyepositiontraces/tslo_normal/normal_tyf_os_10_12_1_45
_0_stabfix_11_19_25_919.jpg used on input line 1579.
(pdftex.def)             Requested size: 281.85587pt x 211.31435pt.

Overfull \hbox (2.43332pt too wide) in paragraph at lines 1578--1580
[] [] 
 []


Underfull \hbox (badness 10000) in paragraph at lines 1578--1580

 []


Underfull \hbox (badness 10000) in paragraph at lines 1581--1629

 []


Underfull \hbox (badness 10000) in paragraph at lines 1581--1629

 []


Underfull \hbox (badness 10000) in paragraph at lines 1581--1629

 []


Underfull \hbox (badness 10000) in paragraph at lines 1581--1629

 []

[57 <./referenceframes/tslo_normal/normal_tyf_os_10_12_1_45_0_stabfix_11_19_25_
919_dwt_nostim_gamscaled_bandfilt_refframe.jpg> <./eyepositiontraces/tslo_norma
l/normal_tyf_os_10_12_1_45_0_stabfix_11_19_25_919.jpg>] [58]
<referenceframes/tslo_normal/normal_tyf_os_10_12_1_45_1_stabfix_13_08_06_384_dw
t_nostim_gamscaled_bandfilt_refframe.jpg, id=248, 504.88625pt x 555.07375pt>
File: referenceframes/tslo_normal/normal_tyf_os_10_12_1_45_1_stabfix_13_08_06_3
84_dwt_nostim_gamscaled_bandfilt_refframe.jpg Graphic file (type jpg)

<use referenceframes/tslo_normal/normal_tyf_os_10_12_1_45_1_stabfix_13_08_06_38
4_dwt_nostim_gamscaled_bandfilt_refframe.jpg>
Package pdftex.def Info: referenceframes/tslo_normal/normal_tyf_os_10_12_1_45_1
_stabfix_13_08_06_384_dwt_nostim_gamscaled_bandfilt_refframe.jpg used on input 
line 1632.
(pdftex.def)             Requested size: 187.89914pt x 206.57677pt.

<eyepositiontraces/tslo_normal/normal_tyf_os_10_12_1_45_1_stabfix_13_08_06_384.
jpg, id=249, 878.28125pt x 658.46pt>
File: eyepositiontraces/tslo_normal/normal_tyf_os_10_12_1_45_1_stabfix_13_08_06
_384.jpg Graphic file (type jpg)

<use eyepositiontraces/tslo_normal/normal_tyf_os_10_12_1_45_1_stabfix_13_08_06_
384.jpg>
Package pdftex.def Info: eyepositiontraces/tslo_normal/normal_tyf_os_10_12_1_45
_1_stabfix_13_08_06_384.jpg used on input line 1633.
(pdftex.def)             Requested size: 281.85587pt x 211.31435pt.

Overfull \hbox (2.43332pt too wide) in paragraph at lines 1632--1634
[] [] 
 []


Underfull \hbox (badness 10000) in paragraph at lines 1632--1634

 []


Underfull \hbox (badness 10000) in paragraph at lines 1635--1683

 []


Underfull \hbox (badness 10000) in paragraph at lines 1635--1683

 []


Underfull \hbox (badness 10000) in paragraph at lines 1635--1683

 []


Underfull \hbox (badness 10000) in paragraph at lines 1635--1683

 []

[59 <./referenceframes/tslo_normal/normal_tyf_os_10_12_1_45_1_stabfix_13_08_06_
384_dwt_nostim_gamscaled_bandfilt_refframe.jpg> <./eyepositiontraces/tslo_norma
l/normal_tyf_os_10_12_1_45_1_stabfix_13_08_06_384.jpg>] [60]
(analysis_report.aux) ) 
Here is how much of TeX's memory you used:
 2634 strings out of 493329
 58848 string characters out of 3139058
 95719 words of memory out of 3000000
 6049 multiletter control sequences out of 15000+200000
 10104 words of font info for 38 fonts, out of 3000000 for 9000
 1141 hyphenation exceptions out of 8191
 40i,6n,37p,320b,197s stack positions out of 5000i,500n,10000p,200000b,50000s
<C:/Program Files/MiKTeX 2.9/fonts/type1/public/amsfonts
/cm/cmbx10.pfb><C:/Program Files/MiKTeX 2.9/fonts/type1/public/amsfonts/cm/cmbx
12.pfb><C:/Program Files/MiKTeX 2.9/fonts/type1/public/amsfonts/cm/cmr10.pfb><C
:/Program Files/MiKTeX 2.9/fonts/type1/public/amsfonts/cm/cmr12.pfb><C:/Program
 Files/MiKTeX 2.9/fonts/type1/public/amsfonts/cm/cmr17.pfb>
Output written on analysis_report.pdf (60 pages, 2259510 bytes).
PDF statistics:
 275 PDF objects out of 1000 (max. 8388607)
 0 named destinations out of 1000 (max. 500000)
 301 words of extra memory for PDF output out of 10000 (max. 10000000)

